This file contains any messages produced by compilers while
running configure, to aid debugging if configure makes a mistake.

It was created by configure, which was
generated by GNU Autoconf 2.59.  Invocation command line was

  $ ./configure 

## --------- ##
## Platform. ##
## --------- ##

hostname = tincoastdev.local
uname -m = arm64
uname -r = 23.6.0
uname -s = Darwin
uname -v = Darwin Kernel Version 23.6.0: Mon Jul 29 21:14:04 PDT 2024; root:xnu-10063.141.2~1/RELEASE_ARM64_T8122

/usr/bin/uname -p = arm
/bin/uname -X     = unknown

/bin/arch              = unknown
/usr/bin/arch -k       = unknown
/usr/convex/getsysinfo = unknown
hostinfo               = Mach kernel version:
	 Darwin Kernel Version 23.6.0: Mon Jul 29 21:14:04 PDT 2024; root:xnu-10063.141.2~1/RELEASE_ARM64_T8122
Kernel configured for up to 8 processors.
8 processors are physically available.
8 processors are logically available.
Processor type: arm64e (ARM64E)
Processors active: 0 1 2 3 4 5 6 7
Primary memory available: 16.00 gigabytes
Default processor set: 593 tasks, 2784 threads, 8 processors
Load average: 1.77, Mach factor: 6.23
/bin/machine           = unknown
/usr/bin/oslevel       = unknown
/bin/universe          = unknown

PATH: /opt/homebrew/opt/openjdk/bin
PATH: /Users/chrispattison/opt/homebrew/bin/pip3
PATH: /Users/chrispattison/.asdf/shims
PATH: /Users/chrispattison/.asdf/bin
PATH: /opt/homebrew/bin
PATH: /opt/homebrew/sbin
PATH: /Library/Frameworks/Python.framework/Versions/3.12/bin
PATH: /usr/local/bin
PATH: /System/Cryptexes/App/usr/bin
PATH: /usr/bin
PATH: /bin
PATH: /usr/sbin
PATH: /sbin
PATH: /var/run/com.apple.security.cryptexd/codex.system/bootstrap/usr/local/bin
PATH: /var/run/com.apple.security.cryptexd/codex.system/bootstrap/usr/bin
PATH: /var/run/com.apple.security.cryptexd/codex.system/bootstrap/usr/appleinternal/bin
PATH: /opt/X11/bin
PATH: /Library/Apple/usr/bin
PATH: /Library/TeX/texbin
PATH: /usr/local/go/bin
PATH: /Applications/Visual Studio Code.app/Contents/Resources/app/bin
PATH: /Users/chrispattison/.fzf/bin
PATH: /Applications/Visual Studio Code.app/Contents/Resources/app/bin
PATH: /Users/chrispattison/go/bin


## ----------- ##
## Core tests. ##
## ----------- ##

configure:1318: Configuring stk 1.3.6
configure:1373: checking for gcc
configure:1389: found /usr/bin/gcc
configure:1399: result: gcc
configure:1643: checking for C compiler version
configure:1646: gcc --version </dev/null >&5
Apple clang version 15.0.0 (clang-1500.3.9.4)
Target: arm64-apple-darwin23.6.0
Thread model: posix
InstalledDir: /Applications/Xcode.app/Contents/Developer/Toolchains/XcodeDefault.xctoolchain/usr/bin
configure:1649: $? = 0
configure:1651: gcc -v </dev/null >&5
Apple clang version 15.0.0 (clang-1500.3.9.4)
Target: arm64-apple-darwin23.6.0
Thread model: posix
InstalledDir: /Applications/Xcode.app/Contents/Developer/Toolchains/XcodeDefault.xctoolchain/usr/bin
configure:1654: $? = 0
configure:1656: gcc -V </dev/null >&5
clang: error: argument to '-V' is missing (expected 1 value)
clang: error: no input files
configure:1659: $? = 1
configure:1682: checking for C compiler default output file name
configure:1685: gcc    conftest.c  >&5
configure:1688: $? = 0
configure:1734: result: a.out
configure:1739: checking whether the C compiler works
configure:1745: ./a.out
configure:1748: $? = 0
configure:1765: result: yes
configure:1772: checking whether we are cross compiling
configure:1774: result: no
configure:1777: checking for suffix of executables
configure:1779: gcc -o conftest    conftest.c  >&5
configure:1782: $? = 0
configure:1807: result: 
configure:1813: checking for suffix of object files
configure:1834: gcc -c   conftest.c >&5
configure:1837: $? = 0
configure:1859: result: o
configure:1863: checking whether we are using the GNU C compiler
configure:1887: gcc -c   conftest.c >&5
configure:1893: $? = 0
configure:1897: test -z 
			 || test ! -s conftest.err
configure:1900: $? = 0
configure:1903: test -s conftest.o
configure:1906: $? = 0
configure:1919: result: yes
configure:1925: checking whether gcc accepts -g
configure:1946: gcc -c -g  conftest.c >&5
configure:1952: $? = 0
configure:1956: test -z 
			 || test ! -s conftest.err
configure:1959: $? = 0
configure:1962: test -s conftest.o
configure:1965: $? = 0
configure:1976: result: yes
configure:1993: checking for gcc option to accept ANSI C
configure:2063: gcc  -c -g -O2  conftest.c >&5
conftest.c:17:14: warning: a function definition without a prototype is deprecated in all versions of C and is not supported in C2x [-Wdeprecated-non-prototype]
static char *e (p, i)
             ^
1 warning generated.
configure:2069: $? = 0
configure:2073: test -z 
			 || test ! -s conftest.err
configure:2076: $? = 0
configure:2079: test -s conftest.o
configure:2082: $? = 0
configure:2100: result: none needed
configure:2118: gcc -c -g -O2  conftest.c >&5
conftest.c:2:3: error: unknown type name 'choke'
  choke me
  ^
conftest.c:2:11: error: expected ';' after top level declarator
  choke me
          ^
          ;
2 errors generated.
configure:2124: $? = 1
configure: failed program was:
| #ifndef __cplusplus
|   choke me
| #endif
configure:2295: checking for a BSD-compatible install
configure:2350: result: /usr/bin/install -c
configure:2402: checking for ranlib
configure:2418: found /usr/bin/ranlib
configure:2429: result: ranlib
configure:2495: checking for strip
configure:2511: found /usr/bin/strip
configure:2522: result: strip
configure:2575: checking for sed
configure:2591: found /usr/bin/sed
configure:2602: result: sed
configure:2655: checking for mkdir
configure:2671: found /bin/mkdir
configure:2682: result: mkdir
configure:2735: checking for cp
configure:2751: found /bin/cp
configure:2762: result: cp
configure:2783: checking how to run the C preprocessor
configure:2818: gcc -E  conftest.c
configure:2824: $? = 0
configure:2856: gcc -E  conftest.c
conftest.c:11:10: fatal error: 'ac_nonexistent.h' file not found
#include <ac_nonexistent.h>
         ^~~~~~~~~~~~~~~~~~
1 error generated.
configure:2862: $? = 1
configure: failed program was:
| /* confdefs.h.  */
| 
| #define PACKAGE_NAME ""
| #define PACKAGE_TARNAME ""
| #define PACKAGE_VERSION ""
| #define PACKAGE_STRING ""
| #define PACKAGE_BUGREPORT ""
| #define STK_VERSION "1.3.6"
| #define _GNU_SOURCE 1
| /* end confdefs.h.  */
| #include <ac_nonexistent.h>
configure:2901: result: gcc -E
configure:2925: gcc -E  conftest.c
configure:2931: $? = 0
configure:2963: gcc -E  conftest.c
conftest.c:11:10: fatal error: 'ac_nonexistent.h' file not found
#include <ac_nonexistent.h>
         ^~~~~~~~~~~~~~~~~~
1 error generated.
configure:2969: $? = 1
configure: failed program was:
| /* confdefs.h.  */
| 
| #define PACKAGE_NAME ""
| #define PACKAGE_TARNAME ""
| #define PACKAGE_VERSION ""
| #define PACKAGE_STRING ""
| #define PACKAGE_BUGREPORT ""
| #define STK_VERSION "1.3.6"
| #define _GNU_SOURCE 1
| /* end confdefs.h.  */
| #include <ac_nonexistent.h>
configure:3013: checking for egrep
configure:3023: result: grep -E
configure:3028: checking for ANSI C header files
configure:3053: gcc -c -g -O2  conftest.c >&5
configure:3059: $? = 0
configure:3063: test -z 
			 || test ! -s conftest.err
configure:3066: $? = 0
configure:3069: test -s conftest.o
configure:3072: $? = 0
configure:3161: gcc -o conftest -g -O2   conftest.c  >&5
conftest.c:28:7: error: call to undeclared library function 'exit' with type 'void (int) __attribute__((noreturn))'; ISO C99 and later do not support implicit function declarations [-Wimplicit-function-declaration]
      exit(2);
      ^
conftest.c:28:7: note: include the header <stdlib.h> or explicitly provide a declaration for 'exit'
1 error generated.
configure:3164: $? = 1
configure: program exited with status 1
configure: failed program was:
| /* confdefs.h.  */
| 
| #define PACKAGE_NAME ""
| #define PACKAGE_TARNAME ""
| #define PACKAGE_VERSION ""
| #define PACKAGE_STRING ""
| #define PACKAGE_BUGREPORT ""
| #define STK_VERSION "1.3.6"
| #define _GNU_SOURCE 1
| /* end confdefs.h.  */
| #include <ctype.h>
| #if ((' ' & 0x0FF) == 0x020)
| # define ISLOWER(c) ('a' <= (c) && (c) <= 'z')
| # define TOUPPER(c) (ISLOWER(c) ? 'A' + ((c) - 'a') : (c))
| #else
| # define ISLOWER(c) 		   (('a' <= (c) && (c) <= 'i') 		     || ('j' <= (c) && (c) <= 'r') 		     || ('s' <= (c) && (c) <= 'z'))
| # define TOUPPER(c) (ISLOWER(c) ? ((c) | 0x40) : (c))
| #endif
| 
| #define XOR(e, f) (((e) && !(f)) || (!(e) && (f)))
| int
| main ()
| {
|   int i;
|   for (i = 0; i < 256; i++)
|     if (XOR (islower (i), ISLOWER (i))
| 	|| toupper (i) != TOUPPER (i))
|       exit(2);
|   exit (0);
| }
configure:3184: result: no
configure:3208: checking for sys/types.h
configure:3224: gcc -c -g -O2  conftest.c >&5
configure:3230: $? = 0
configure:3234: test -z 
			 || test ! -s conftest.err
configure:3237: $? = 0
configure:3240: test -s conftest.o
configure:3243: $? = 0
configure:3254: result: yes
configure:3208: checking for sys/stat.h
configure:3224: gcc -c -g -O2  conftest.c >&5
configure:3230: $? = 0
configure:3234: test -z 
			 || test ! -s conftest.err
configure:3237: $? = 0
configure:3240: test -s conftest.o
configure:3243: $? = 0
configure:3254: result: yes
configure:3208: checking for stdlib.h
configure:3224: gcc -c -g -O2  conftest.c >&5
configure:3230: $? = 0
configure:3234: test -z 
			 || test ! -s conftest.err
configure:3237: $? = 0
configure:3240: test -s conftest.o
configure:3243: $? = 0
configure:3254: result: yes
configure:3208: checking for string.h
configure:3224: gcc -c -g -O2  conftest.c >&5
configure:3230: $? = 0
configure:3234: test -z 
			 || test ! -s conftest.err
configure:3237: $? = 0
configure:3240: test -s conftest.o
configure:3243: $? = 0
configure:3254: result: yes
configure:3208: checking for memory.h
configure:3224: gcc -c -g -O2  conftest.c >&5
configure:3230: $? = 0
configure:3234: test -z 
			 || test ! -s conftest.err
configure:3237: $? = 0
configure:3240: test -s conftest.o
configure:3243: $? = 0
configure:3254: result: yes
configure:3208: checking for strings.h
configure:3224: gcc -c -g -O2  conftest.c >&5
configure:3230: $? = 0
configure:3234: test -z 
			 || test ! -s conftest.err
configure:3237: $? = 0
configure:3240: test -s conftest.o
configure:3243: $? = 0
configure:3254: result: yes
configure:3208: checking for inttypes.h
configure:3224: gcc -c -g -O2  conftest.c >&5
configure:3230: $? = 0
configure:3234: test -z 
			 || test ! -s conftest.err
configure:3237: $? = 0
configure:3240: test -s conftest.o
configure:3243: $? = 0
configure:3254: result: yes
configure:3208: checking for stdint.h
configure:3224: gcc -c -g -O2  conftest.c >&5
configure:3230: $? = 0
configure:3234: test -z 
			 || test ! -s conftest.err
configure:3237: $? = 0
configure:3240: test -s conftest.o
configure:3243: $? = 0
configure:3254: result: yes
configure:3208: checking for unistd.h
configure:3224: gcc -c -g -O2  conftest.c >&5
configure:3230: $? = 0
configure:3234: test -z 
			 || test ! -s conftest.err
configure:3237: $? = 0
configure:3240: test -s conftest.o
configure:3243: $? = 0
configure:3254: result: yes
configure:3272: checking for sys/types.h
configure:3277: result: yes
configure:3272: checking for sys/stat.h
configure:3277: result: yes
configure:3429: checking for string.h
configure:3434: result: yes
configure:3429: checking for strings.h
configure:3434: result: yes
configure:3438: checking stdarg.h usability
configure:3450: gcc -c -g -O2  conftest.c >&5
configure:3456: $? = 0
configure:3460: test -z 
			 || test ! -s conftest.err
configure:3463: $? = 0
configure:3466: test -s conftest.o
configure:3469: $? = 0
configure:3479: result: yes
configure:3483: checking stdarg.h presence
configure:3493: gcc -E  conftest.c
configure:3499: $? = 0
configure:3519: result: yes
configure:3554: checking for stdarg.h
configure:3561: result: yes
configure:3438: checking limits.h usability
configure:3450: gcc -c -g -O2  conftest.c >&5
configure:3456: $? = 0
configure:3460: test -z 
			 || test ! -s conftest.err
configure:3463: $? = 0
configure:3466: test -s conftest.o
configure:3469: $? = 0
configure:3479: result: yes
configure:3483: checking limits.h presence
configure:3493: gcc -E  conftest.c
configure:3499: $? = 0
configure:3519: result: yes
configure:3554: checking for limits.h
configure:3561: result: yes
configure:3429: checking for unistd.h
configure:3434: result: yes
configure:3438: checking sys/time.h usability
configure:3450: gcc -c -g -O2  conftest.c >&5
configure:3456: $? = 0
configure:3460: test -z 
			 || test ! -s conftest.err
configure:3463: $? = 0
configure:3466: test -s conftest.o
configure:3469: $? = 0
configure:3479: result: yes
configure:3483: checking sys/time.h presence
configure:3493: gcc -E  conftest.c
configure:3499: $? = 0
configure:3519: result: yes
configure:3554: checking for sys/time.h
configure:3561: result: yes
configure:3592: checking termios.h usability
configure:3604: gcc -c -g -O2  conftest.c >&5
configure:3610: $? = 0
configure:3614: test -z 
			 || test ! -s conftest.err
configure:3617: $? = 0
configure:3620: test -s conftest.o
configure:3623: $? = 0
configure:3633: result: yes
configure:3637: checking termios.h presence
configure:3647: gcc -E  conftest.c
configure:3653: $? = 0
configure:3673: result: yes
configure:3708: checking for termios.h
configure:3715: result: yes
configure:3592: checking sys/ioctl.h usability
configure:3604: gcc -c -g -O2  conftest.c >&5
configure:3610: $? = 0
configure:3614: test -z 
			 || test ! -s conftest.err
configure:3617: $? = 0
configure:3620: test -s conftest.o
configure:3623: $? = 0
configure:3633: result: yes
configure:3637: checking sys/ioctl.h presence
configure:3647: gcc -E  conftest.c
configure:3653: $? = 0
configure:3673: result: yes
configure:3708: checking for sys/ioctl.h
configure:3715: result: yes
configure:3592: checking sys/select.h usability
configure:3604: gcc -c -g -O2  conftest.c >&5
configure:3610: $? = 0
configure:3614: test -z 
			 || test ! -s conftest.err
configure:3617: $? = 0
configure:3620: test -s conftest.o
configure:3623: $? = 0
configure:3633: result: yes
configure:3637: checking sys/select.h presence
configure:3647: gcc -E  conftest.c
configure:3653: $? = 0
configure:3673: result: yes
configure:3708: checking for sys/select.h
configure:3715: result: yes
configure:3592: checking utime.h usability
configure:3604: gcc -c -g -O2  conftest.c >&5
configure:3610: $? = 0
configure:3614: test -z 
			 || test ! -s conftest.err
configure:3617: $? = 0
configure:3620: test -s conftest.o
configure:3623: $? = 0
configure:3633: result: yes
configure:3637: checking utime.h presence
configure:3647: gcc -E  conftest.c
configure:3653: $? = 0
configure:3673: result: yes
configure:3708: checking for utime.h
configure:3715: result: yes
configure:3592: checking sys/utime.h usability
configure:3604: gcc -c -g -O2  conftest.c >&5
conftest.c:66:10: fatal error: 'sys/utime.h' file not found
#include <sys/utime.h>
         ^~~~~~~~~~~~~
1 error generated.
configure:3610: $? = 1
configure: failed program was:
| /* confdefs.h.  */
| 
| #define PACKAGE_NAME ""
| #define PACKAGE_TARNAME ""
| #define PACKAGE_VERSION ""
| #define PACKAGE_STRING ""
| #define PACKAGE_BUGREPORT ""
| #define STK_VERSION "1.3.6"
| #define _GNU_SOURCE 1
| #define HAVE_SYS_TYPES_H 1
| #define HAVE_SYS_STAT_H 1
| #define HAVE_STDLIB_H 1
| #define HAVE_STRING_H 1
| #define HAVE_MEMORY_H 1
| #define HAVE_STRINGS_H 1
| #define HAVE_INTTYPES_H 1
| #define HAVE_STDINT_H 1
| #define HAVE_UNISTD_H 1
| #define HAVE_SYS_TYPES_H 1
| #define HAVE_SYS_STAT_H 1
| #define HAVE_STRING_H 1
| #define HAVE_STRINGS_H 1
| #define HAVE_STDARG_H 1
| #define HAVE_LIMITS_H 1
| #define HAVE_UNISTD_H 1
| #define HAVE_SYS_TIME_H 1
| #define HAVE_TERMIOS_H 1
| #define HAVE_SYS_IOCTL_H 1
| #define HAVE_SYS_SELECT_H 1
| #define HAVE_UTIME_H 1
| /* end confdefs.h.  */
| #include <stdio.h>
| #if HAVE_SYS_TYPES_H
| # include <sys/types.h>
| #endif
| #if HAVE_SYS_STAT_H
| # include <sys/stat.h>
| #endif
| #if STDC_HEADERS
| # include <stdlib.h>
| # include <stddef.h>
| #else
| # if HAVE_STDLIB_H
| #  include <stdlib.h>
| # endif
| #endif
| #if HAVE_STRING_H
| # if !STDC_HEADERS && HAVE_MEMORY_H
| #  include <memory.h>
| # endif
| # include <string.h>
| #endif
| #if HAVE_STRINGS_H
| # include <strings.h>
| #endif
| #if HAVE_INTTYPES_H
| # include <inttypes.h>
| #else
| # if HAVE_STDINT_H
| #  include <stdint.h>
| # endif
| #endif
| #if HAVE_UNISTD_H
| # include <unistd.h>
| #endif
| #include <sys/utime.h>
configure:3633: result: no
configure:3637: checking sys/utime.h presence
configure:3647: gcc -E  conftest.c
conftest.c:32:10: fatal error: 'sys/utime.h' file not found
#include <sys/utime.h>
         ^~~~~~~~~~~~~
1 error generated.
configure:3653: $? = 1
configure: failed program was:
| /* confdefs.h.  */
| 
| #define PACKAGE_NAME ""
| #define PACKAGE_TARNAME ""
| #define PACKAGE_VERSION ""
| #define PACKAGE_STRING ""
| #define PACKAGE_BUGREPORT ""
| #define STK_VERSION "1.3.6"
| #define _GNU_SOURCE 1
| #define HAVE_SYS_TYPES_H 1
| #define HAVE_SYS_STAT_H 1
| #define HAVE_STDLIB_H 1
| #define HAVE_STRING_H 1
| #define HAVE_MEMORY_H 1
| #define HAVE_STRINGS_H 1
| #define HAVE_INTTYPES_H 1
| #define HAVE_STDINT_H 1
| #define HAVE_UNISTD_H 1
| #define HAVE_SYS_TYPES_H 1
| #define HAVE_SYS_STAT_H 1
| #define HAVE_STRING_H 1
| #define HAVE_STRINGS_H 1
| #define HAVE_STDARG_H 1
| #define HAVE_LIMITS_H 1
| #define HAVE_UNISTD_H 1
| #define HAVE_SYS_TIME_H 1
| #define HAVE_TERMIOS_H 1
| #define HAVE_SYS_IOCTL_H 1
| #define HAVE_SYS_SELECT_H 1
| #define HAVE_UTIME_H 1
| /* end confdefs.h.  */
| #include <sys/utime.h>
configure:3673: result: no
configure:3708: checking for sys/utime.h
configure:3715: result: no
configure:3737: checking for stdint.h
configure:3742: result: yes
configure:3737: checking for inttypes.h
configure:3742: result: yes
configure:3746: checking signal.h usability
configure:3758: gcc -c -g -O2  conftest.c >&5
configure:3764: $? = 0
configure:3768: test -z 
			 || test ! -s conftest.err
configure:3771: $? = 0
configure:3774: test -s conftest.o
configure:3777: $? = 0
configure:3787: result: yes
configure:3791: checking signal.h presence
configure:3801: gcc -E  conftest.c
configure:3807: $? = 0
configure:3827: result: yes
configure:3862: checking for signal.h
configure:3869: result: yes
configure:3746: checking setjmp.h usability
configure:3758: gcc -c -g -O2  conftest.c >&5
configure:3764: $? = 0
configure:3768: test -z 
			 || test ! -s conftest.err
configure:3771: $? = 0
configure:3774: test -s conftest.o
configure:3777: $? = 0
configure:3787: result: yes
configure:3791: checking setjmp.h presence
configure:3801: gcc -E  conftest.c
configure:3807: $? = 0
configure:3827: result: yes
configure:3862: checking for setjmp.h
configure:3869: result: yes
configure:3746: checking pwd.h usability
configure:3758: gcc -c -g -O2  conftest.c >&5
configure:3764: $? = 0
configure:3768: test -z 
			 || test ! -s conftest.err
configure:3771: $? = 0
configure:3774: test -s conftest.o
configure:3777: $? = 0
configure:3787: result: yes
configure:3791: checking pwd.h presence
configure:3801: gcc -E  conftest.c
configure:3807: $? = 0
configure:3827: result: yes
configure:3862: checking for pwd.h
configure:3869: result: yes
configure:3882: checking whether time.h and sys/time.h may both be included
configure:3907: gcc -c -g -O2  conftest.c >&5
configure:3913: $? = 0
configure:3917: test -z 
			 || test ! -s conftest.err
configure:3920: $? = 0
configure:3923: test -s conftest.o
configure:3926: $? = 0
configure:3937: result: yes
configure:4047: checking for compilation options
configure:4049: result: 
configure:4055: checking for operating system type
configure:4074: result: MACOSX
configure:4080: checking for library containing strerror
configure:4110: gcc -o conftest -DMACOSX -O2 -g -O2 -DSTk_CODE -DSCM_CODE -m32   conftest.c  >&5
conftest.c:47:6: warning: incompatible redeclaration of library function 'strerror' [-Wincompatible-library-redeclaration]
char strerror ();
     ^
conftest.c:47:6: note: 'strerror' is a builtin with type 'char *(int)'
1 warning generated.
ld: unknown/unsupported architecture name for: -arch armv4t
clang: error: linker command failed with exit code 1 (use -v to see invocation)
configure:4116: $? = 1
configure: failed program was:
| /* confdefs.h.  */
| 
| #define PACKAGE_NAME ""
| #define PACKAGE_TARNAME ""
| #define PACKAGE_VERSION ""
| #define PACKAGE_STRING ""
| #define PACKAGE_BUGREPORT ""
| #define STK_VERSION "1.3.6"
| #define _GNU_SOURCE 1
| #define HAVE_SYS_TYPES_H 1
| #define HAVE_SYS_STAT_H 1
| #define HAVE_STDLIB_H 1
| #define HAVE_STRING_H 1
| #define HAVE_MEMORY_H 1
| #define HAVE_STRINGS_H 1
| #define HAVE_INTTYPES_H 1
| #define HAVE_STDINT_H 1
| #define HAVE_UNISTD_H 1
| #define HAVE_SYS_TYPES_H 1
| #define HAVE_SYS_STAT_H 1
| #define HAVE_STRING_H 1
| #define HAVE_STRINGS_H 1
| #define HAVE_STDARG_H 1
| #define HAVE_LIMITS_H 1
| #define HAVE_UNISTD_H 1
| #define HAVE_SYS_TIME_H 1
| #define HAVE_TERMIOS_H 1
| #define HAVE_SYS_IOCTL_H 1
| #define HAVE_SYS_SELECT_H 1
| #define HAVE_UTIME_H 1
| #define HAVE_STDINT_H 1
| #define HAVE_INTTYPES_H 1
| #define HAVE_SIGNAL_H 1
| #define HAVE_SETJMP_H 1
| #define HAVE_PWD_H 1
| #define TIME_WITH_SYS_TIME 1
| #define MACHINE "Darwin-23.6.0-arm64"
| #define STK_LIB_PATH "NONE/lib/stk/1.3.6"
| /* end confdefs.h.  */
| 
| /* Override any gcc2 internal prototype to avoid an error.  */
| #ifdef __cplusplus
| extern "C"
| #endif
| /* We use char because int might match the return type of a gcc2
|    builtin and then its argument prototype would still apply.  */
| char strerror ();
| int
| main ()
| {
| strerror ();
|   ;
|   return 0;
| }
configure:4165: gcc -o conftest -DMACOSX -O2 -g -O2 -DSTk_CODE -DSCM_CODE -m32   conftest.c -lcposix   >&5
conftest.c:47:6: warning: incompatible redeclaration of library function 'strerror' [-Wincompatible-library-redeclaration]
char strerror ();
     ^
conftest.c:47:6: note: 'strerror' is a builtin with type 'char *(int)'
1 warning generated.
ld: unknown/unsupported architecture name for: -arch armv4t
clang: error: linker command failed with exit code 1 (use -v to see invocation)
configure:4171: $? = 1
configure: failed program was:
| /* confdefs.h.  */
| 
| #define PACKAGE_NAME ""
| #define PACKAGE_TARNAME ""
| #define PACKAGE_VERSION ""
| #define PACKAGE_STRING ""
| #define PACKAGE_BUGREPORT ""
| #define STK_VERSION "1.3.6"
| #define _GNU_SOURCE 1
| #define HAVE_SYS_TYPES_H 1
| #define HAVE_SYS_STAT_H 1
| #define HAVE_STDLIB_H 1
| #define HAVE_STRING_H 1
| #define HAVE_MEMORY_H 1
| #define HAVE_STRINGS_H 1
| #define HAVE_INTTYPES_H 1
| #define HAVE_STDINT_H 1
| #define HAVE_UNISTD_H 1
| #define HAVE_SYS_TYPES_H 1
| #define HAVE_SYS_STAT_H 1
| #define HAVE_STRING_H 1
| #define HAVE_STRINGS_H 1
| #define HAVE_STDARG_H 1
| #define HAVE_LIMITS_H 1
| #define HAVE_UNISTD_H 1
| #define HAVE_SYS_TIME_H 1
| #define HAVE_TERMIOS_H 1
| #define HAVE_SYS_IOCTL_H 1
| #define HAVE_SYS_SELECT_H 1
| #define HAVE_UTIME_H 1
| #define HAVE_STDINT_H 1
| #define HAVE_INTTYPES_H 1
| #define HAVE_SIGNAL_H 1
| #define HAVE_SETJMP_H 1
| #define HAVE_PWD_H 1
| #define TIME_WITH_SYS_TIME 1
| #define MACHINE "Darwin-23.6.0-arm64"
| #define STK_LIB_PATH "NONE/lib/stk/1.3.6"
| /* end confdefs.h.  */
| 
| /* Override any gcc2 internal prototype to avoid an error.  */
| #ifdef __cplusplus
| extern "C"
| #endif
| /* We use char because int might match the return type of a gcc2
|    builtin and then its argument prototype would still apply.  */
| char strerror ();
| int
| main ()
| {
| strerror ();
|   ;
|   return 0;
| }
configure:4199: result: no
configure:4206: checking for X
configure:4311: gcc -E  conftest.c
conftest.c:40:10: fatal error: 'X11/Intrinsic.h' file not found
#include <X11/Intrinsic.h>
         ^~~~~~~~~~~~~~~~~
1 error generated.
configure:4317: $? = 1
configure: failed program was:
| /* confdefs.h.  */
| 
| #define PACKAGE_NAME ""
| #define PACKAGE_TARNAME ""
| #define PACKAGE_VERSION ""
| #define PACKAGE_STRING ""
| #define PACKAGE_BUGREPORT ""
| #define STK_VERSION "1.3.6"
| #define _GNU_SOURCE 1
| #define HAVE_SYS_TYPES_H 1
| #define HAVE_SYS_STAT_H 1
| #define HAVE_STDLIB_H 1
| #define HAVE_STRING_H 1
| #define HAVE_MEMORY_H 1
| #define HAVE_STRINGS_H 1
| #define HAVE_INTTYPES_H 1
| #define HAVE_STDINT_H 1
| #define HAVE_UNISTD_H 1
| #define HAVE_SYS_TYPES_H 1
| #define HAVE_SYS_STAT_H 1
| #define HAVE_STRING_H 1
| #define HAVE_STRINGS_H 1
| #define HAVE_STDARG_H 1
| #define HAVE_LIMITS_H 1
| #define HAVE_UNISTD_H 1
| #define HAVE_SYS_TIME_H 1
| #define HAVE_TERMIOS_H 1
| #define HAVE_SYS_IOCTL_H 1
| #define HAVE_SYS_SELECT_H 1
| #define HAVE_UTIME_H 1
| #define HAVE_STDINT_H 1
| #define HAVE_INTTYPES_H 1
| #define HAVE_SIGNAL_H 1
| #define HAVE_SETJMP_H 1
| #define HAVE_PWD_H 1
| #define TIME_WITH_SYS_TIME 1
| #define MACHINE "Darwin-23.6.0-arm64"
| #define STK_LIB_PATH "NONE/lib/stk/1.3.6"
| /* end confdefs.h.  */
| #include <X11/Intrinsic.h>
configure:4367: gcc -o conftest -DMACOSX -O2 -g -O2 -DSTk_CODE -DSCM_CODE -m32   conftest.c -lXt  >&5
conftest.c:40:10: fatal error: 'X11/Intrinsic.h' file not found
#include <X11/Intrinsic.h>
         ^~~~~~~~~~~~~~~~~
1 error generated.
configure:4373: $? = 1
configure: failed program was:
| /* confdefs.h.  */
| 
| #define PACKAGE_NAME ""
| #define PACKAGE_TARNAME ""
| #define PACKAGE_VERSION ""
| #define PACKAGE_STRING ""
| #define PACKAGE_BUGREPORT ""
| #define STK_VERSION "1.3.6"
| #define _GNU_SOURCE 1
| #define HAVE_SYS_TYPES_H 1
| #define HAVE_SYS_STAT_H 1
| #define HAVE_STDLIB_H 1
| #define HAVE_STRING_H 1
| #define HAVE_MEMORY_H 1
| #define HAVE_STRINGS_H 1
| #define HAVE_INTTYPES_H 1
| #define HAVE_STDINT_H 1
| #define HAVE_UNISTD_H 1
| #define HAVE_SYS_TYPES_H 1
| #define HAVE_SYS_STAT_H 1
| #define HAVE_STRING_H 1
| #define HAVE_STRINGS_H 1
| #define HAVE_STDARG_H 1
| #define HAVE_LIMITS_H 1
| #define HAVE_UNISTD_H 1
| #define HAVE_SYS_TIME_H 1
| #define HAVE_TERMIOS_H 1
| #define HAVE_SYS_IOCTL_H 1
| #define HAVE_SYS_SELECT_H 1
| #define HAVE_UTIME_H 1
| #define HAVE_STDINT_H 1
| #define HAVE_INTTYPES_H 1
| #define HAVE_SIGNAL_H 1
| #define HAVE_SETJMP_H 1
| #define HAVE_PWD_H 1
| #define TIME_WITH_SYS_TIME 1
| #define MACHINE "Darwin-23.6.0-arm64"
| #define STK_LIB_PATH "NONE/lib/stk/1.3.6"
| /* end confdefs.h.  */
| #include <X11/Intrinsic.h>
| int
| main ()
| {
| XtMalloc (0)
|   ;
|   return 0;
| }
configure:4426: result: no
configure:5604: checking for multiple precision library
configure:5614: result: libgmp
configure:5619: checking whether to include hash tables support
configure:5635: result: yes
configure:5639: checking whether to include POSIX support
configure:5655: result: yes
configure:5659: checking whether to include POSIX support
configure:5683: result: yes
configure:5687: checking whether to include socket support
configure:5703: result: yes
configure:5707: checking whether to include regular expression support
configure:5723: result: yes
configure:5727: checking whether to include Unix process support
configure:5743: result: yes
configure:5747: checking whether to include HTML support
configure:5763: result: yes
configure:5767: checking whether to include Base64 support
configure:5783: result: yes
configure:5787: checking whether to include locale support
configure:5803: result: yes
configure:5807: checking whether to include pixmap image support
configure:5823: result: yes
configure:5827: checking whether to include JPEG images support
configure:5843: result: yes
configure:5850: checking whether to enable dynamic loading
configure:5873: result: yes
configure:5887: checking for sigaction
configure:5944: gcc -o conftest -DMACOSX -O2 -g -O2 -DSTk_CODE -DSCM_CODE -m32   conftest.c  >&5
ld: unknown/unsupported architecture name for: -arch armv4t
clang: error: linker command failed with exit code 1 (use -v to see invocation)
configure:5950: $? = 1
configure: failed program was:
| /* confdefs.h.  */
| 
| #define PACKAGE_NAME ""
| #define PACKAGE_TARNAME ""
| #define PACKAGE_VERSION ""
| #define PACKAGE_STRING ""
| #define PACKAGE_BUGREPORT ""
| #define STK_VERSION "1.3.6"
| #define _GNU_SOURCE 1
| #define HAVE_SYS_TYPES_H 1
| #define HAVE_SYS_STAT_H 1
| #define HAVE_STDLIB_H 1
| #define HAVE_STRING_H 1
| #define HAVE_MEMORY_H 1
| #define HAVE_STRINGS_H 1
| #define HAVE_INTTYPES_H 1
| #define HAVE_STDINT_H 1
| #define HAVE_UNISTD_H 1
| #define HAVE_SYS_TYPES_H 1
| #define HAVE_SYS_STAT_H 1
| #define HAVE_STRING_H 1
| #define HAVE_STRINGS_H 1
| #define HAVE_STDARG_H 1
| #define HAVE_LIMITS_H 1
| #define HAVE_UNISTD_H 1
| #define HAVE_SYS_TIME_H 1
| #define HAVE_TERMIOS_H 1
| #define HAVE_SYS_IOCTL_H 1
| #define HAVE_SYS_SELECT_H 1
| #define HAVE_UTIME_H 1
| #define HAVE_STDINT_H 1
| #define HAVE_INTTYPES_H 1
| #define HAVE_SIGNAL_H 1
| #define HAVE_SETJMP_H 1
| #define HAVE_PWD_H 1
| #define TIME_WITH_SYS_TIME 1
| #define MACHINE "Darwin-23.6.0-arm64"
| #define STK_LIB_PATH "NONE/lib/stk/1.3.6"
| #define X_DISPLAY_MISSING 1
| #define USE_HASH 1
| #define USE_POSIX 1
| #define USE_STKLOS 1
| #define USE_SOCKET 1
| #define USE_REGEXP 1
| #define USE_PROCESS 1
| #define USE_HTML 1
| #define USE_BASE64 1
| #define USE_LOCALE 1
| #define USE_PIXMAP 1
| #define USE_JPEG 1
| #define USE_DYNLOAD 1
| /* end confdefs.h.  */
| /* Define sigaction to an innocuous variant, in case <limits.h> declares sigaction.
|    For example, HP-UX 11i <limits.h> declares gettimeofday.  */
| #define sigaction innocuous_sigaction
| 
| /* System header to define __stub macros and hopefully few prototypes,
|     which can conflict with char sigaction (); below.
|     Prefer <limits.h> to <assert.h> if __STDC__ is defined, since
|     <limits.h> exists even on freestanding compilers.  */
| 
| #ifdef __STDC__
| # include <limits.h>
| #else
| # include <assert.h>
| #endif
| 
| #undef sigaction
| 
| /* Override any gcc2 internal prototype to avoid an error.  */
| #ifdef __cplusplus
| extern "C"
| {
| #endif
| /* We use char because int might match the return type of a gcc2
|    builtin and then its argument prototype would still apply.  */
| char sigaction ();
| /* The GNU C library defines this for functions which it implements
|     to always fail with ENOSYS.  Some functions are actually named
|     something starting with __ and the normal name is an alias.  */
| #if defined (__stub_sigaction) || defined (__stub___sigaction)
| choke me
| #else
| char (*f) () = sigaction;
| #endif
| #ifdef __cplusplus
| }
| #endif
| 
| int
| main ()
| {
| return f != sigaction;
|   ;
|   return 0;
| }
configure:5975: result: no
configure:5887: checking for select
configure:5944: gcc -o conftest -DMACOSX -O2 -g -O2 -DSTk_CODE -DSCM_CODE -m32   conftest.c  >&5
ld: unknown/unsupported architecture name for: -arch armv4t
clang: error: linker command failed with exit code 1 (use -v to see invocation)
configure:5950: $? = 1
configure: failed program was:
| /* confdefs.h.  */
| 
| #define PACKAGE_NAME ""
| #define PACKAGE_TARNAME ""
| #define PACKAGE_VERSION ""
| #define PACKAGE_STRING ""
| #define PACKAGE_BUGREPORT ""
| #define STK_VERSION "1.3.6"
| #define _GNU_SOURCE 1
| #define HAVE_SYS_TYPES_H 1
| #define HAVE_SYS_STAT_H 1
| #define HAVE_STDLIB_H 1
| #define HAVE_STRING_H 1
| #define HAVE_MEMORY_H 1
| #define HAVE_STRINGS_H 1
| #define HAVE_INTTYPES_H 1
| #define HAVE_STDINT_H 1
| #define HAVE_UNISTD_H 1
| #define HAVE_SYS_TYPES_H 1
| #define HAVE_SYS_STAT_H 1
| #define HAVE_STRING_H 1
| #define HAVE_STRINGS_H 1
| #define HAVE_STDARG_H 1
| #define HAVE_LIMITS_H 1
| #define HAVE_UNISTD_H 1
| #define HAVE_SYS_TIME_H 1
| #define HAVE_TERMIOS_H 1
| #define HAVE_SYS_IOCTL_H 1
| #define HAVE_SYS_SELECT_H 1
| #define HAVE_UTIME_H 1
| #define HAVE_STDINT_H 1
| #define HAVE_INTTYPES_H 1
| #define HAVE_SIGNAL_H 1
| #define HAVE_SETJMP_H 1
| #define HAVE_PWD_H 1
| #define TIME_WITH_SYS_TIME 1
| #define MACHINE "Darwin-23.6.0-arm64"
| #define STK_LIB_PATH "NONE/lib/stk/1.3.6"
| #define X_DISPLAY_MISSING 1
| #define USE_HASH 1
| #define USE_POSIX 1
| #define USE_STKLOS 1
| #define USE_SOCKET 1
| #define USE_REGEXP 1
| #define USE_PROCESS 1
| #define USE_HTML 1
| #define USE_BASE64 1
| #define USE_LOCALE 1
| #define USE_PIXMAP 1
| #define USE_JPEG 1
| #define USE_DYNLOAD 1
| /* end confdefs.h.  */
| /* Define select to an innocuous variant, in case <limits.h> declares select.
|    For example, HP-UX 11i <limits.h> declares gettimeofday.  */
| #define select innocuous_select
| 
| /* System header to define __stub macros and hopefully few prototypes,
|     which can conflict with char select (); below.
|     Prefer <limits.h> to <assert.h> if __STDC__ is defined, since
|     <limits.h> exists even on freestanding compilers.  */
| 
| #ifdef __STDC__
| # include <limits.h>
| #else
| # include <assert.h>
| #endif
| 
| #undef select
| 
| /* Override any gcc2 internal prototype to avoid an error.  */
| #ifdef __cplusplus
| extern "C"
| {
| #endif
| /* We use char because int might match the return type of a gcc2
|    builtin and then its argument prototype would still apply.  */
| char select ();
| /* The GNU C library defines this for functions which it implements
|     to always fail with ENOSYS.  Some functions are actually named
|     something starting with __ and the normal name is an alias.  */
| #if defined (__stub_select) || defined (__stub___select)
| choke me
| #else
| char (*f) () = select;
| #endif
| #ifdef __cplusplus
| }
| #endif
| 
| int
| main ()
| {
| return f != select;
|   ;
|   return 0;
| }
configure:5975: result: no
configure:5985: checking for dlopen in -ldl
configure:6015: gcc -o conftest -DMACOSX -O2 -g -O2 -DSTk_CODE -DSCM_CODE -m32   conftest.c -ldl   >&5
ld: unknown/unsupported architecture name for: -arch armv4t
clang: error: linker command failed with exit code 1 (use -v to see invocation)
configure:6021: $? = 1
configure: failed program was:
| /* confdefs.h.  */
| 
| #define PACKAGE_NAME ""
| #define PACKAGE_TARNAME ""
| #define PACKAGE_VERSION ""
| #define PACKAGE_STRING ""
| #define PACKAGE_BUGREPORT ""
| #define STK_VERSION "1.3.6"
| #define _GNU_SOURCE 1
| #define HAVE_SYS_TYPES_H 1
| #define HAVE_SYS_STAT_H 1
| #define HAVE_STDLIB_H 1
| #define HAVE_STRING_H 1
| #define HAVE_MEMORY_H 1
| #define HAVE_STRINGS_H 1
| #define HAVE_INTTYPES_H 1
| #define HAVE_STDINT_H 1
| #define HAVE_UNISTD_H 1
| #define HAVE_SYS_TYPES_H 1
| #define HAVE_SYS_STAT_H 1
| #define HAVE_STRING_H 1
| #define HAVE_STRINGS_H 1
| #define HAVE_STDARG_H 1
| #define HAVE_LIMITS_H 1
| #define HAVE_UNISTD_H 1
| #define HAVE_SYS_TIME_H 1
| #define HAVE_TERMIOS_H 1
| #define HAVE_SYS_IOCTL_H 1
| #define HAVE_SYS_SELECT_H 1
| #define HAVE_UTIME_H 1
| #define HAVE_STDINT_H 1
| #define HAVE_INTTYPES_H 1
| #define HAVE_SIGNAL_H 1
| #define HAVE_SETJMP_H 1
| #define HAVE_PWD_H 1
| #define TIME_WITH_SYS_TIME 1
| #define MACHINE "Darwin-23.6.0-arm64"
| #define STK_LIB_PATH "NONE/lib/stk/1.3.6"
| #define X_DISPLAY_MISSING 1
| #define USE_HASH 1
| #define USE_POSIX 1
| #define USE_STKLOS 1
| #define USE_SOCKET 1
| #define USE_REGEXP 1
| #define USE_PROCESS 1
| #define USE_HTML 1
| #define USE_BASE64 1
| #define USE_LOCALE 1
| #define USE_PIXMAP 1
| #define USE_JPEG 1
| #define USE_DYNLOAD 1
| /* end confdefs.h.  */
| 
| /* Override any gcc2 internal prototype to avoid an error.  */
| #ifdef __cplusplus
| extern "C"
| #endif
| /* We use char because int might match the return type of a gcc2
|    builtin and then its argument prototype would still apply.  */
| char dlopen ();
| int
| main ()
| {
| dlopen ();
|   ;
|   return 0;
| }
configure:6047: result: no
configure:6062: checking for socket in -lsocket
configure:6092: gcc -o conftest -DMACOSX -O2 -g -O2 -DSTk_CODE -DSCM_CODE -m32   conftest.c -lsocket   -lm >&5
ld: unknown/unsupported architecture name for: -arch armv4t
clang: error: linker command failed with exit code 1 (use -v to see invocation)
configure:6098: $? = 1
configure: failed program was:
| /* confdefs.h.  */
| 
| #define PACKAGE_NAME ""
| #define PACKAGE_TARNAME ""
| #define PACKAGE_VERSION ""
| #define PACKAGE_STRING ""
| #define PACKAGE_BUGREPORT ""
| #define STK_VERSION "1.3.6"
| #define _GNU_SOURCE 1
| #define HAVE_SYS_TYPES_H 1
| #define HAVE_SYS_STAT_H 1
| #define HAVE_STDLIB_H 1
| #define HAVE_STRING_H 1
| #define HAVE_MEMORY_H 1
| #define HAVE_STRINGS_H 1
| #define HAVE_INTTYPES_H 1
| #define HAVE_STDINT_H 1
| #define HAVE_UNISTD_H 1
| #define HAVE_SYS_TYPES_H 1
| #define HAVE_SYS_STAT_H 1
| #define HAVE_STRING_H 1
| #define HAVE_STRINGS_H 1
| #define HAVE_STDARG_H 1
| #define HAVE_LIMITS_H 1
| #define HAVE_UNISTD_H 1
| #define HAVE_SYS_TIME_H 1
| #define HAVE_TERMIOS_H 1
| #define HAVE_SYS_IOCTL_H 1
| #define HAVE_SYS_SELECT_H 1
| #define HAVE_UTIME_H 1
| #define HAVE_STDINT_H 1
| #define HAVE_INTTYPES_H 1
| #define HAVE_SIGNAL_H 1
| #define HAVE_SETJMP_H 1
| #define HAVE_PWD_H 1
| #define TIME_WITH_SYS_TIME 1
| #define MACHINE "Darwin-23.6.0-arm64"
| #define STK_LIB_PATH "NONE/lib/stk/1.3.6"
| #define X_DISPLAY_MISSING 1
| #define USE_HASH 1
| #define USE_POSIX 1
| #define USE_STKLOS 1
| #define USE_SOCKET 1
| #define USE_REGEXP 1
| #define USE_PROCESS 1
| #define USE_HTML 1
| #define USE_BASE64 1
| #define USE_LOCALE 1
| #define USE_PIXMAP 1
| #define USE_JPEG 1
| #define USE_DYNLOAD 1
| /* end confdefs.h.  */
| 
| /* Override any gcc2 internal prototype to avoid an error.  */
| #ifdef __cplusplus
| extern "C"
| #endif
| /* We use char because int might match the return type of a gcc2
|    builtin and then its argument prototype would still apply.  */
| char socket ();
| int
| main ()
| {
| socket ();
|   ;
|   return 0;
| }
configure:6124: result: no
configure:6130: checking for t_accept in -lnsl
configure:6160: gcc -o conftest -DMACOSX -O2 -g -O2 -DSTk_CODE -DSCM_CODE -m32   conftest.c -lnsl   -lm >&5
ld: unknown/unsupported architecture name for: -arch armv4t
clang: error: linker command failed with exit code 1 (use -v to see invocation)
configure:6166: $? = 1
configure: failed program was:
| /* confdefs.h.  */
| 
| #define PACKAGE_NAME ""
| #define PACKAGE_TARNAME ""
| #define PACKAGE_VERSION ""
| #define PACKAGE_STRING ""
| #define PACKAGE_BUGREPORT ""
| #define STK_VERSION "1.3.6"
| #define _GNU_SOURCE 1
| #define HAVE_SYS_TYPES_H 1
| #define HAVE_SYS_STAT_H 1
| #define HAVE_STDLIB_H 1
| #define HAVE_STRING_H 1
| #define HAVE_MEMORY_H 1
| #define HAVE_STRINGS_H 1
| #define HAVE_INTTYPES_H 1
| #define HAVE_STDINT_H 1
| #define HAVE_UNISTD_H 1
| #define HAVE_SYS_TYPES_H 1
| #define HAVE_SYS_STAT_H 1
| #define HAVE_STRING_H 1
| #define HAVE_STRINGS_H 1
| #define HAVE_STDARG_H 1
| #define HAVE_LIMITS_H 1
| #define HAVE_UNISTD_H 1
| #define HAVE_SYS_TIME_H 1
| #define HAVE_TERMIOS_H 1
| #define HAVE_SYS_IOCTL_H 1
| #define HAVE_SYS_SELECT_H 1
| #define HAVE_UTIME_H 1
| #define HAVE_STDINT_H 1
| #define HAVE_INTTYPES_H 1
| #define HAVE_SIGNAL_H 1
| #define HAVE_SETJMP_H 1
| #define HAVE_PWD_H 1
| #define TIME_WITH_SYS_TIME 1
| #define MACHINE "Darwin-23.6.0-arm64"
| #define STK_LIB_PATH "NONE/lib/stk/1.3.6"
| #define X_DISPLAY_MISSING 1
| #define USE_HASH 1
| #define USE_POSIX 1
| #define USE_STKLOS 1
| #define USE_SOCKET 1
| #define USE_REGEXP 1
| #define USE_PROCESS 1
| #define USE_HTML 1
| #define USE_BASE64 1
| #define USE_LOCALE 1
| #define USE_PIXMAP 1
| #define USE_JPEG 1
| #define USE_DYNLOAD 1
| /* end confdefs.h.  */
| 
| /* Override any gcc2 internal prototype to avoid an error.  */
| #ifdef __cplusplus
| extern "C"
| #endif
| /* We use char because int might match the return type of a gcc2
|    builtin and then its argument prototype would still apply.  */
| char t_accept ();
| int
| main ()
| {
| t_accept ();
|   ;
|   return 0;
| }
configure:6192: result: no
configure:6213: checking for dynamic loading options for MACOSX
configure:6258: result: 
configure:6375: creating ./config.status

## ---------------------- ##
## Running config.status. ##
## ---------------------- ##

This file was extended by config.status, which was
generated by GNU Autoconf 2.59.  Invocation command line was

  CONFIG_FILES    = 
  CONFIG_HEADERS  = 
  CONFIG_LINKS    = 
  CONFIG_COMMANDS = 
  $ ./config.status 

on tincoastdev.local

config.status:699: creating Makefile
config.status:699: creating Extensions/Makefile
config.status:699: creating Extensions/stk-genmake
config.status:699: creating Src/Makefile
config.status:699: creating Lib/Makefile
config.status:699: creating STklos/Makefile
config.status:699: creating Demos/Makefile
config.status:699: creating Help/Makefile
config.status:699: creating Doc/Makefile
config.status:699: creating Doc/Manual/Makefile
config.status:699: creating Utils/STk.spec
config.status:699: creating Stack/Makefile
config.status:699: creating Stack/libstack.h
config.status:803: creating config.h
configure:7447: result: 
configure:7449: result:     stk 1.3.6 configuration successful
configure:7451: result: 

## ---------------- ##
## Cache variables. ##
## ---------------- ##

ac_cv_c_compiler_gnu=yes
ac_cv_env_CC_set=
ac_cv_env_CC_value=
ac_cv_env_CFLAGS_set=
ac_cv_env_CFLAGS_value=
ac_cv_env_CPPFLAGS_set=
ac_cv_env_CPPFLAGS_value=
ac_cv_env_CPP_set=
ac_cv_env_CPP_value=
ac_cv_env_LDFLAGS_set=
ac_cv_env_LDFLAGS_value=
ac_cv_env_build_alias_set=
ac_cv_env_build_alias_value=
ac_cv_env_host_alias_set=
ac_cv_env_host_alias_value=
ac_cv_env_target_alias_set=
ac_cv_env_target_alias_value=
ac_cv_exeext=
ac_cv_func_select=no
ac_cv_func_sigaction=no
ac_cv_have_x=have_x=no
ac_cv_header_inttypes_h=yes
ac_cv_header_limits_h=yes
ac_cv_header_memory_h=yes
ac_cv_header_pwd_h=yes
ac_cv_header_setjmp_h=yes
ac_cv_header_signal_h=yes
ac_cv_header_stdarg_h=yes
ac_cv_header_stdc=no
ac_cv_header_stdint_h=yes
ac_cv_header_stdlib_h=yes
ac_cv_header_string_h=yes
ac_cv_header_strings_h=yes
ac_cv_header_sys_ioctl_h=yes
ac_cv_header_sys_select_h=yes
ac_cv_header_sys_stat_h=yes
ac_cv_header_sys_time_h=yes
ac_cv_header_sys_types_h=yes
ac_cv_header_sys_utime_h=no
ac_cv_header_termios_h=yes
ac_cv_header_time=yes
ac_cv_header_unistd_h=yes
ac_cv_header_utime_h=yes
ac_cv_lib_dl_dlopen=no
ac_cv_lib_nsl_t_accept=no
ac_cv_lib_socket_socket=no
ac_cv_objext=o
ac_cv_path_install='/usr/bin/install -c'
ac_cv_prog_CPP='gcc -E'
ac_cv_prog_ac_ct_CC=gcc
ac_cv_prog_ac_ct_CP=cp
ac_cv_prog_ac_ct_MKDIR_PROGRAM=mkdir
ac_cv_prog_ac_ct_RANLIB=ranlib
ac_cv_prog_ac_ct_SED_PROGRAM=sed
ac_cv_prog_ac_ct_STRIP=strip
ac_cv_prog_cc_g=yes
ac_cv_prog_cc_stdc=
ac_cv_prog_egrep='grep -E'
ac_cv_search_strerror=no

## ----------------- ##
## Output variables. ##
## ----------------- ##

ARCH='UNKNOWN_ARCH'
CC='gcc'
CFLAGS='-DMACOSX -O2 -g -O2 -DSTk_CODE -DSCM_CODE -m32'
CP='cp'
CPP='gcc -E'
CPPFLAGS=''
DEFS='-DHAVE_CONFIG_H'
ECHO_C='ECHO_N=''
ECHO_T=''
EDFLGS=''
EGREP='grep -E'
EOBJ=''
ETKOBJ=''
EXEEXT=''
EXTRA_OBJ=''
FLAVOR='unix'
INSTALL_DATA='${INSTALL} -m 644'
INSTALL_PROGRAM='${INSTALL}'
INSTALL_SCRIPT='${INSTALL}'
LDFLAGS=''
LIBOBJS=''
LIBS=' -lm'
LOW=''
LTLIBOBJS=''
MACHINE='Darwin-23.6.0-arm64'
MKDIR_PROGRAM='mkdir'
MP='libgmp'
OBJEXT='o'
PACKAGE_BUGREPORT=''
PACKAGE_NAME=''
PACKAGE_STRING=''
PACKAGE_TARNAME=''
PACKAGE_VERSION=''
PATH_SEPARATOR=':'
RANLIB='ranlib'
SED_PROGRAM='sed'
SHELL='/bin/sh'
SH_CCFLAGS='-fpic'
SH_LDFLAGS='-dynamiclib -o'
SH_LOADER='gcc'
SH_SUFFIX='dylib'
SNOW_LIBS=''
STKLDFLAGS=''
STK_DIR='NONE/lib/stk'
STK_INSTALL='NONE/lib/stk/1.3.6'
STK_SITE='NONE/lib/stk/site-scheme'
STK_VERSION='1.3.6'
STRIP='strip'
VERSION=''
XINCLUDES='-INONE'
XLIBSW='-LNONE  -lX11 '
X_CFLAGS=''
X_EXTRA_LIBS=''
X_LIBS=''
X_PRE_LIBS=''
ac_ct_CC='gcc'
ac_ct_CP='cp'
ac_ct_MKDIR_PROGRAM='mkdir'
ac_ct_RANLIB='ranlib'
ac_ct_SED_PROGRAM='sed'
ac_ct_STRIP='strip'
bindir='${exec_prefix}/bin'
build_alias=''
datadir='${prefix}/share'
exec_prefix='${prefix}'
host_alias=''
includedir='${prefix}/include'
infodir='${prefix}/info'
libdir='${exec_prefix}/lib'
libexecdir='${exec_prefix}/libexec'
localstatedir='${prefix}/var'
machine='arm64'
mandir='${prefix}/man'
oldincludedir='/usr/include'
os='Darwin'
prefix='/usr/local'
program_transform_name='s,x,x,'
sbindir='${exec_prefix}/sbin'
sharedstatedir='${prefix}/com'
sysconfdir='${prefix}/etc'
target_alias=''

## ----------- ##
## confdefs.h. ##
## ----------- ##

#define HAVE_INTTYPES_H 1
#define HAVE_INTTYPES_H 1
#define HAVE_LIMITS_H 1
#define HAVE_MEMORY_H 1
#define HAVE_PWD_H 1
#define HAVE_SETJMP_H 1
#define HAVE_SIGNAL_H 1
#define HAVE_STDARG_H 1
#define HAVE_STDINT_H 1
#define HAVE_STDINT_H 1
#define HAVE_STDLIB_H 1
#define HAVE_STRINGS_H 1
#define HAVE_STRINGS_H 1
#define HAVE_STRING_H 1
#define HAVE_STRING_H 1
#define HAVE_SYS_IOCTL_H 1
#define HAVE_SYS_SELECT_H 1
#define HAVE_SYS_STAT_H 1
#define HAVE_SYS_STAT_H 1
#define HAVE_SYS_TIME_H 1
#define HAVE_SYS_TYPES_H 1
#define HAVE_SYS_TYPES_H 1
#define HAVE_TERMIOS_H 1
#define HAVE_UNISTD_H 1
#define HAVE_UNISTD_H 1
#define HAVE_UTIME_H 1
#define MACHINE "Darwin-23.6.0-arm64"
#define PACKAGE_BUGREPORT ""
#define PACKAGE_NAME ""
#define PACKAGE_STRING ""
#define PACKAGE_TARNAME ""
#define PACKAGE_VERSION ""
#define STK_LIB_PATH "NONE/lib/stk/1.3.6"
#define STK_VERSION "1.3.6"
#define TIME_WITH_SYS_TIME 1
#define USE_BASE64 1
#define USE_DYNLOAD 1
#define USE_HASH 1
#define USE_HTML 1
#define USE_JPEG 1
#define USE_LOCALE 1
#define USE_PIXMAP 1
#define USE_POSIX 1
#define USE_PROCESS 1
#define USE_REGEXP 1
#define USE_SOCKET 1
#define USE_STKLOS 1
#define X_DISPLAY_MISSING 1
#define _GNU_SOURCE 1

configure: exit 0
