This file contains any messages produced by compilers while
running configure, to aid debugging if configure makes a mistake.

It was created by configure, which was
generated by GNU Autoconf 2.59.  Invocation command line was

  $ ./configure 

## --------- ##
## Platform. ##
## --------- ##

hostname = tincoastdev.local
uname -m = arm64
uname -r = 23.6.0
uname -s = Darwin
uname -v = Darwin Kernel Version 23.6.0: Mon Jul 29 21:14:04 PDT 2024; root:xnu-10063.141.2~1/RELEASE_ARM64_T8122

/usr/bin/uname -p = arm
/bin/uname -X     = unknown

/bin/arch              = unknown
/usr/bin/arch -k       = unknown
/usr/convex/getsysinfo = unknown
hostinfo               = Mach kernel version:
	 Darwin Kernel Version 23.6.0: Mon Jul 29 21:14:04 PDT 2024; root:xnu-10063.141.2~1/RELEASE_ARM64_T8122
Kernel configured for up to 8 processors.
8 processors are physically available.
8 processors are logically available.
Processor type: arm64e (ARM64E)
Processors active: 0 1 2 3 4 5 6 7
Primary memory available: 16.00 gigabytes
Default processor set: 598 tasks, 2796 threads, 8 processors
Load average: 2.40, Mach factor: 5.58
/bin/machine           = unknown
/usr/bin/oslevel       = unknown
/bin/universe          = unknown

PATH: /opt/homebrew/opt/openjdk/bin
PATH: /Users/chrispattison/opt/homebrew/bin/pip3
PATH: /Users/chrispattison/.asdf/shims
PATH: /Users/chrispattison/.asdf/bin
PATH: /opt/homebrew/bin
PATH: /opt/homebrew/sbin
PATH: /Library/Frameworks/Python.framework/Versions/3.12/bin
PATH: /usr/local/bin
PATH: /System/Cryptexes/App/usr/bin
PATH: /usr/bin
PATH: /bin
PATH: /usr/sbin
PATH: /sbin
PATH: /var/run/com.apple.security.cryptexd/codex.system/bootstrap/usr/local/bin
PATH: /var/run/com.apple.security.cryptexd/codex.system/bootstrap/usr/bin
PATH: /var/run/com.apple.security.cryptexd/codex.system/bootstrap/usr/appleinternal/bin
PATH: /opt/X11/bin
PATH: /Library/Apple/usr/bin
PATH: /Library/TeX/texbin
PATH: /usr/local/go/bin
PATH: /Applications/Visual Studio Code.app/Contents/Resources/app/bin
PATH: /Users/chrispattison/.fzf/bin
PATH: /Applications/Visual Studio Code.app/Contents/Resources/app/bin
PATH: /Users/chrispattison/go/bin


## ----------- ##
## Core tests. ##
## ----------- ##

configure:1300: checking for a BSD-compatible install
configure:1355: result: /usr/bin/install -c
configure:1366: checking whether build environment is sane
configure:1409: result: yes
configure:1442: checking for gawk
configure:1471: result: no
configure:1442: checking for mawk
configure:1471: result: no
configure:1442: checking for nawk
configure:1471: result: no
configure:1442: checking for awk
configure:1458: found /usr/bin/awk
configure:1468: result: awk
configure:1478: checking whether make sets $(MAKE)
configure:1498: result: yes
configure:1664: checking whether make sets $(MAKE)
configure:1684: result: yes
configure:1740: checking for gcc
configure:1766: result: gcc
configure:2010: checking for C compiler version
configure:2013: gcc --version </dev/null >&5
Apple clang version 15.0.0 (clang-1500.3.9.4)
Target: arm64-apple-darwin23.6.0
Thread model: posix
InstalledDir: /Applications/Xcode.app/Contents/Developer/Toolchains/XcodeDefault.xctoolchain/usr/bin
configure:2016: $? = 0
configure:2018: gcc -v </dev/null >&5
Apple clang version 15.0.0 (clang-1500.3.9.4)
Target: arm64-apple-darwin23.6.0
Thread model: posix
InstalledDir: /Applications/Xcode.app/Contents/Developer/Toolchains/XcodeDefault.xctoolchain/usr/bin
configure:2021: $? = 0
configure:2023: gcc -V </dev/null >&5
clang: error: argument to '-V' is missing (expected 1 value)
clang: error: no input files
configure:2026: $? = 1
configure:2049: checking for C compiler default output file name
configure:2052: gcc -DMACOSX -O2 -g -O2 -DSTk_CODE -DSCM_CODE -m32   conftest.c  >&5
ld: unknown/unsupported architecture name for: -arch armv4t
clang: error: linker command failed with exit code 1 (use -v to see invocation)
configure:2055: $? = 1
configure: failed program was:
| /* confdefs.h.  */
| 
| #define PACKAGE_NAME ""
| #define PACKAGE_TARNAME ""
| #define PACKAGE_VERSION ""
| #define PACKAGE_STRING ""
| #define PACKAGE_BUGREPORT ""
| #define PACKAGE "gmplite"
| #define VERSION "1.0"
| /* end confdefs.h.  */
| 
| int
| main ()
| {
| 
|   ;
|   return 0;
| }
configure:2094: error: C compiler cannot create executables
See `config.log' for more details.

## ---------------- ##
## Cache variables. ##
## ---------------- ##

ac_cv_env_CC_set=set
ac_cv_env_CC_value=gcc
ac_cv_env_CFLAGS_set=set
ac_cv_env_CFLAGS_value='-DMACOSX -O2 -g -O2 -DSTk_CODE -DSCM_CODE -m32'
ac_cv_env_CPPFLAGS_set=
ac_cv_env_CPPFLAGS_value=
ac_cv_env_CPP_set=
ac_cv_env_CPP_value=
ac_cv_env_LDFLAGS_set=
ac_cv_env_LDFLAGS_value=
ac_cv_env_build_alias_set=
ac_cv_env_build_alias_value=
ac_cv_env_host_alias_set=
ac_cv_env_host_alias_value=
ac_cv_env_target_alias_set=
ac_cv_env_target_alias_value=
ac_cv_path_install='/usr/bin/install -c'
ac_cv_prog_AWK=awk
ac_cv_prog_ac_ct_CC=gcc
ac_cv_prog_make_make_set=yes

## ----------------- ##
## Output variables. ##
## ----------------- ##

ACLOCAL='${SHELL} /Users/chrispattison/ucb_scheme/stk-1.3.6/stk/missing --run aclocal-1.7'
AMDEPBACKSLASH=''
AMDEP_FALSE=''
AMDEP_TRUE=''
AMTAR='${SHELL} /Users/chrispattison/ucb_scheme/stk-1.3.6/stk/missing --run tar'
AUTOCONF='${SHELL} /Users/chrispattison/ucb_scheme/stk-1.3.6/stk/missing --run autoconf'
AUTOHEADER='${SHELL} /Users/chrispattison/ucb_scheme/stk-1.3.6/stk/missing --run autoheader'
AUTOMAKE='${SHELL} /Users/chrispattison/ucb_scheme/stk-1.3.6/stk/missing --run automake-1.7'
AWK='awk'
BITS_PER_MP_LIMB=''
BYTES_PER_MP_LIMB=''
CC='gcc'
CCDEPMODE=''
CFLAGS='-DMACOSX -O2 -g -O2 -DSTk_CODE -DSCM_CODE -m32'
CPP=''
CPPFLAGS=''
CYGPATH_W='echo'
DEFINE_ARCH=''
DEFN_LONG_LONG_LIMB=''
DEFS=''
DEPDIR=''
ECHO_C='ECHO_N=''
ECHO_T=''
EGREP=''
EXEEXT=''
GMP_NAIL_BITS=''
HAVE_HOST_CPU_FAMILY_power=''
HAVE_HOST_CPU_FAMILY_powerpc=''
INSTALL_DATA='${INSTALL} -m 644'
INSTALL_PROGRAM='${INSTALL}'
INSTALL_SCRIPT='${INSTALL}'
INSTALL_STRIP_PROGRAM='${SHELL} $(install_sh) -c -s'
LDFLAGS=''
LIBGMP_DLL=''
LIBOBJS=''
LIBS=''
LTLIBOBJS=''
MAKEINFO='${SHELL} /Users/chrispattison/ucb_scheme/stk-1.3.6/stk/missing --run makeinfo'
OBJEXT=''
PACKAGE='gmplite'
PACKAGE_BUGREPORT=''
PACKAGE_NAME=''
PACKAGE_STRING=''
PACKAGE_TARNAME=''
PACKAGE_VERSION=''
PATH_SEPARATOR=':'
RANLIB=''
SET_MAKE=''
SHELL='/bin/sh'
STRIP=''
VERSION='1.0'
ac_ct_CC='gcc'
ac_ct_RANLIB=''
ac_ct_STRIP=''
am__fastdepCC_FALSE=''
am__fastdepCC_TRUE=''
am__include=''
am__leading_dot='.'
am__quote=''
bindir='${exec_prefix}/bin'
build_alias=''
datadir='${prefix}/share'
exec_prefix='NONE'
host_alias=''
includedir='${prefix}/include'
infodir='${prefix}/info'
install_sh='/Users/chrispattison/ucb_scheme/stk-1.3.6/stk/install-sh'
libdir='${exec_prefix}/lib'
libexecdir='${exec_prefix}/libexec'
localstatedir='${prefix}/var'
mandir='${prefix}/man'
oldincludedir='/usr/include'
prefix='NONE'
program_transform_name='s,x,x,'
sbindir='${exec_prefix}/sbin'
sharedstatedir='${prefix}/com'
sysconfdir='${prefix}/etc'
target_alias=''

## ----------- ##
## confdefs.h. ##
## ----------- ##

#define PACKAGE "gmplite"
#define PACKAGE_BUGREPORT ""
#define PACKAGE_NAME ""
#define PACKAGE_STRING ""
#define PACKAGE_TARNAME ""
#define PACKAGE_VERSION ""
#define VERSION "1.0"

configure: exit 77
